mode: set
arandu/internal/application/services/create_session_service.go:15.77,17.2 1 0
arandu/internal/application/services/create_session_service.go:25.113,26.27 1 0
arandu/internal/application/services/create_session_service.go:26.27,28.3 1 0
arandu/internal/application/services/create_session_service.go:30.2,30.25 1 0
arandu/internal/application/services/create_session_service.go:30.25,32.3 1 0
arandu/internal/application/services/create_session_service.go:34.2,36.49 2 0
arandu/internal/application/services/create_session_service.go:36.49,38.3 1 0
arandu/internal/application/services/create_session_service.go:40.2,40.18 1 0
arandu/internal/application/services/insight_service.go:11.65,13.2 1 0
arandu/internal/application/services/insight_service.go:15.90,20.41 2 0
arandu/internal/application/services/insight_service.go:20.41,22.3 1 0
arandu/internal/application/services/insight_service.go:23.2,23.17 1 0
arandu/internal/application/services/insight_service.go:26.74,28.2 1 0
arandu/internal/application/services/insight_service.go:30.69,32.2 1 0
arandu/internal/application/services/insight_service.go:34.57,36.2 1 0
arandu/internal/application/services/intervention_service.go:11.80,13.2 1 0
arandu/internal/application/services/intervention_service.go:15.113,20.44 2 0
arandu/internal/application/services/intervention_service.go:20.44,22.3 1 0
arandu/internal/application/services/intervention_service.go:23.2,23.20 1 0
arandu/internal/application/services/intervention_service.go:26.94,28.2 1 0
arandu/internal/application/services/intervention_service.go:30.89,32.2 1 0
arandu/internal/application/services/intervention_service.go:34.114,36.2 1 0
arandu/internal/application/services/intervention_service.go:38.76,40.16 2 0
arandu/internal/application/services/intervention_service.go:40.16,42.3 1 0
arandu/internal/application/services/intervention_service.go:43.2,43.19 1 0
arandu/internal/application/services/intervention_service.go:43.19,45.3 1 0
arandu/internal/application/services/intervention_service.go:47.2,48.30 2 0
arandu/internal/application/services/intervention_service.go:51.67,53.2 1 0
arandu/internal/application/services/observation_service.go:11.77,13.2 1 0
arandu/internal/application/services/observation_service.go:15.109,20.41 2 0
arandu/internal/application/services/observation_service.go:20.41,22.3 1 0
arandu/internal/application/services/observation_service.go:23.2,23.17 1 0
arandu/internal/application/services/observation_service.go:26.90,28.2 1 0
arandu/internal/application/services/observation_service.go:30.85,32.2 1 0
arandu/internal/application/services/observation_service.go:34.110,36.2 1 0
arandu/internal/application/services/observation_service.go:38.74,40.16 2 0
arandu/internal/application/services/observation_service.go:40.16,42.3 1 0
arandu/internal/application/services/observation_service.go:43.2,43.16 1 0
arandu/internal/application/services/observation_service.go:43.16,45.3 1 0
arandu/internal/application/services/observation_service.go:47.2,48.27 2 0
arandu/internal/application/services/observation_service.go:51.65,53.2 1 0
arandu/internal/application/services/patient_service.go:18.51,19.41 1 1
arandu/internal/application/services/patient_service.go:19.41,21.3 1 1
arandu/internal/application/services/patient_service.go:23.2,23.27 1 1
arandu/internal/application/services/patient_service.go:23.27,25.3 1 1
arandu/internal/application/services/patient_service.go:27.2,27.29 1 1
arandu/internal/application/services/patient_service.go:27.29,29.3 1 1
arandu/internal/application/services/patient_service.go:33.2,33.31 1 1
arandu/internal/application/services/patient_service.go:33.31,34.26 1 1
arandu/internal/application/services/patient_service.go:34.26,36.4 1 1
arandu/internal/application/services/patient_service.go:39.2,39.12 1 1
arandu/internal/application/services/patient_service.go:43.35,56.2 1 1
arandu/internal/application/services/patient_service.go:59.45,65.2 3 1
arandu/internal/application/services/patient_service.go:75.51,76.39 1 1
arandu/internal/application/services/patient_service.go:76.39,78.3 1 0
arandu/internal/application/services/patient_service.go:80.2,80.24 1 1
arandu/internal/application/services/patient_service.go:80.24,82.3 1 0
arandu/internal/application/services/patient_service.go:85.2,90.31 2 1
arandu/internal/application/services/patient_service.go:94.45,101.2 4 1
arandu/internal/application/services/patient_service.go:117.65,119.2 1 1
arandu/internal/application/services/patient_service.go:125.113,130.41 2 1
arandu/internal/application/services/patient_service.go:130.41,132.3 1 1
arandu/internal/application/services/patient_service.go:135.2,135.22 1 1
arandu/internal/application/services/patient_service.go:135.22,137.3 1 1
arandu/internal/application/services/patient_service.go:151.2,152.16 2 1
arandu/internal/application/services/patient_service.go:152.16,155.3 1 0
arandu/internal/application/services/patient_service.go:158.2,158.39 1 1
arandu/internal/application/services/patient_service.go:158.39,161.3 1 1
arandu/internal/application/services/patient_service.go:164.2,164.15 1 1
arandu/internal/application/services/patient_service.go:169.92,177.2 2 0
arandu/internal/application/services/patient_service.go:180.99,182.22 1 1
arandu/internal/application/services/patient_service.go:182.22,184.3 1 0
arandu/internal/application/services/patient_service.go:187.2,188.14 2 1
arandu/internal/application/services/patient_service.go:188.14,190.3 1 1
arandu/internal/application/services/patient_service.go:193.2,194.16 2 1
arandu/internal/application/services/patient_service.go:194.16,196.3 1 1
arandu/internal/application/services/patient_service.go:198.2,198.14 1 1
arandu/internal/application/services/patient_service.go:198.14,200.3 1 1
arandu/internal/application/services/patient_service.go:202.2,202.15 1 1
arandu/internal/application/services/patient_service.go:207.80,209.2 1 0
arandu/internal/application/services/patient_service.go:212.88,214.22 1 1
arandu/internal/application/services/patient_service.go:214.22,216.3 1 1
arandu/internal/application/services/patient_service.go:219.2,220.16 2 0
arandu/internal/application/services/patient_service.go:220.16,222.3 1 0
arandu/internal/application/services/patient_service.go:224.2,224.22 1 0
arandu/internal/application/services/patient_service.go:229.75,231.2 1 0
arandu/internal/application/services/patient_service.go:234.93,239.41 2 1
arandu/internal/application/services/patient_service.go:239.41,241.3 1 1
arandu/internal/application/services/patient_service.go:244.2,244.22 1 1
arandu/internal/application/services/patient_service.go:244.22,246.3 1 0
arandu/internal/application/services/patient_service.go:249.2,250.16 2 1
arandu/internal/application/services/patient_service.go:250.16,252.3 1 0
arandu/internal/application/services/patient_service.go:254.2,254.14 1 1
arandu/internal/application/services/patient_service.go:254.14,256.3 1 1
arandu/internal/application/services/patient_service.go:259.2,259.58 1 1
arandu/internal/application/services/patient_service.go:259.58,262.3 1 0
arandu/internal/application/services/patient_service.go:265.2,265.41 1 1
arandu/internal/application/services/patient_service.go:265.41,267.3 1 0
arandu/internal/application/services/patient_service.go:269.2,269.12 1 1
arandu/internal/application/services/patient_service.go:274.76,282.2 2 0
arandu/internal/application/services/patient_service.go:285.78,287.22 1 1
arandu/internal/application/services/patient_service.go:287.22,289.3 1 0
arandu/internal/application/services/patient_service.go:292.2,293.14 2 1
arandu/internal/application/services/patient_service.go:293.14,295.3 1 1
arandu/internal/application/services/patient_service.go:300.2,301.16 2 1
arandu/internal/application/services/patient_service.go:301.16,303.3 1 0
arandu/internal/application/services/patient_service.go:305.2,305.14 1 1
arandu/internal/application/services/patient_service.go:305.14,307.3 1 1
arandu/internal/application/services/patient_service.go:310.2,310.42 1 1
arandu/internal/application/services/patient_service.go:310.42,312.3 1 0
arandu/internal/application/services/patient_service.go:314.2,314.12 1 1
arandu/internal/application/services/patient_service.go:319.63,321.2 1 0
arandu/internal/application/services/patient_service.go:324.109,326.22 1 1
arandu/internal/application/services/patient_service.go:326.22,328.3 1 0
arandu/internal/application/services/patient_service.go:331.2,332.16 2 1
arandu/internal/application/services/patient_service.go:332.16,334.3 1 1
arandu/internal/application/services/patient_service.go:336.2,336.21 1 1
arandu/internal/application/services/patient_service.go:336.21,338.3 1 1
arandu/internal/application/services/patient_service.go:341.2,342.16 2 1
arandu/internal/application/services/patient_service.go:342.16,344.3 1 1
arandu/internal/application/services/patient_service.go:346.2,346.22 1 1
arandu/internal/application/services/patient_service.go:350.76,352.22 1 0
arandu/internal/application/services/patient_service.go:352.22,354.3 1 0
arandu/internal/application/services/patient_service.go:357.2,358.16 2 0
arandu/internal/application/services/patient_service.go:358.16,360.3 1 0
arandu/internal/application/services/patient_service.go:362.2,362.19 1 0
arandu/internal/application/services/patient_service.go:366.122,368.22 1 1
arandu/internal/application/services/patient_service.go:368.22,370.3 1 0
arandu/internal/application/services/patient_service.go:373.2,373.14 1 1
arandu/internal/application/services/patient_service.go:373.14,375.3 1 1
arandu/internal/application/services/patient_service.go:377.2,377.36 1 1
arandu/internal/application/services/patient_service.go:377.36,379.3 1 1
arandu/internal/application/services/patient_service.go:382.2,386.16 3 1
arandu/internal/application/services/patient_service.go:386.16,388.3 1 0
arandu/internal/application/services/patient_service.go:391.2,392.16 2 1
arandu/internal/application/services/patient_service.go:392.16,394.3 1 0
arandu/internal/application/services/patient_service.go:396.2,396.29 1 1
arandu/internal/application/services/session_service.go:15.65,17.2 1 1
arandu/internal/application/services/session_service.go:19.137,21.49 2 1
arandu/internal/application/services/session_service.go:21.49,23.3 1 1
arandu/internal/application/services/session_service.go:24.2,24.18 1 1
arandu/internal/application/services/session_service.go:27.95,29.2 1 1
arandu/internal/application/services/session_service.go:31.115,33.2 1 1
arandu/internal/application/services/session_service.go:41.93,43.16 2 1
arandu/internal/application/services/session_service.go:43.16,45.3 1 1
arandu/internal/application/services/session_service.go:46.2,46.17 1 1
arandu/internal/application/services/session_service.go:46.17,48.3 1 1
arandu/internal/application/services/session_service.go:50.2,50.63 1 1
arandu/internal/application/services/session_service.go:50.63,52.3 1 1
arandu/internal/application/services/session_service.go:54.2,54.33 1 1
arandu/internal/domain/patient/patient.go:18.62,19.16 1 1
arandu/internal/domain/patient/patient.go:19.16,21.3 1 1
arandu/internal/domain/patient/patient.go:23.2,31.21 2 1
arandu/internal/domain/patient/patient.go:34.52,35.16 1 1
arandu/internal/domain/patient/patient.go:35.16,37.3 1 1
arandu/internal/domain/patient/patient.go:39.2,43.12 4 1
arandu/internal/domain/session/entity.go:18.76,28.2 2 1
arandu/internal/domain/session/session.go:13.64,14.45 1 1
arandu/internal/domain/session/session.go:14.45,16.3 1 1
arandu/internal/domain/session/session.go:18.2,18.26 1 1
arandu/internal/domain/session/session.go:18.26,20.3 1 1
arandu/internal/domain/session/session.go:22.2,26.12 4 1
arandu/internal/infrastructure/repository/sqlite/migrations/migration.go:27.85,33.61 2 1
arandu/internal/infrastructure/repository/sqlite/migrations/migration.go:33.61,35.3 1 0
arandu/internal/infrastructure/repository/sqlite/migrations/migration.go:38.2,38.56 1 1
arandu/internal/infrastructure/repository/sqlite/migrations/migration.go:38.56,40.3 1 0
arandu/internal/infrastructure/repository/sqlite/migrations/migration.go:42.2,42.21 1 1
arandu/internal/infrastructure/repository/sqlite/migrations/migration.go:46.69,48.16 2 1
arandu/internal/infrastructure/repository/sqlite/migrations/migration.go:48.16,50.3 1 0
arandu/internal/infrastructure/repository/sqlite/migrations/migration.go:53.2,54.32 2 1
arandu/internal/infrastructure/repository/sqlite/migrations/migration.go:54.32,55.20 1 1
arandu/internal/infrastructure/repository/sqlite/migrations/migration.go:55.20,56.12 1 0
arandu/internal/infrastructure/repository/sqlite/migrations/migration.go:59.3,60.43 2 1
arandu/internal/infrastructure/repository/sqlite/migrations/migration.go:60.43,61.12 1 1
arandu/internal/infrastructure/repository/sqlite/migrations/migration.go:65.3,66.22 2 1
arandu/internal/infrastructure/repository/sqlite/migrations/migration.go:66.22,67.12 1 0
arandu/internal/infrastructure/repository/sqlite/migrations/migration.go:70.3,73.37 3 1
arandu/internal/infrastructure/repository/sqlite/migrations/migration.go:73.37,75.4 1 1
arandu/internal/infrastructure/repository/sqlite/migrations/migration.go:78.3,79.17 2 1
arandu/internal/infrastructure/repository/sqlite/migrations/migration.go:79.17,81.4 1 0
arandu/internal/infrastructure/repository/sqlite/migrations/migration.go:83.3,83.55 1 1
arandu/internal/infrastructure/repository/sqlite/migrations/migration.go:87.2,87.45 1 1
arandu/internal/infrastructure/repository/sqlite/migrations/migration.go:87.45,93.35 2 1
arandu/internal/infrastructure/repository/sqlite/migrations/migration.go:93.35,95.4 1 1
arandu/internal/infrastructure/repository/sqlite/migrations/migration.go:97.3,97.39 1 1
arandu/internal/infrastructure/repository/sqlite/migrations/migration.go:97.39,99.4 1 1
arandu/internal/infrastructure/repository/sqlite/migrations/migration.go:102.3,102.55 1 1
arandu/internal/infrastructure/repository/sqlite/migrations/migration.go:102.55,104.4 1 1
arandu/internal/infrastructure/repository/sqlite/migrations/migration.go:108.2,108.47 1 1
arandu/internal/infrastructure/repository/sqlite/migrations/migration.go:108.47,110.3 1 0
arandu/internal/infrastructure/repository/sqlite/migrations/migration.go:112.2,112.12 1 1
arandu/internal/infrastructure/repository/sqlite/migrations/migration.go:117.50,119.20 2 1
arandu/internal/infrastructure/repository/sqlite/migrations/migration.go:119.20,121.3 1 1
arandu/internal/infrastructure/repository/sqlite/migrations/migration.go:122.2,122.16 1 0
arandu/internal/infrastructure/repository/sqlite/migrations/migration.go:126.58,134.2 3 1
arandu/internal/infrastructure/repository/sqlite/migrations/migration.go:137.44,139.16 2 1
arandu/internal/infrastructure/repository/sqlite/migrations/migration.go:139.16,141.3 1 0
arandu/internal/infrastructure/repository/sqlite/migrations/migration.go:143.2,143.41 1 1
arandu/internal/infrastructure/repository/sqlite/migrations/migration.go:143.41,144.46 1 1
arandu/internal/infrastructure/repository/sqlite/migrations/migration.go:144.46,145.12 1 1
arandu/internal/infrastructure/repository/sqlite/migrations/migration.go:149.3,150.17 2 1
arandu/internal/infrastructure/repository/sqlite/migrations/migration.go:150.17,152.4 1 0
arandu/internal/infrastructure/repository/sqlite/migrations/migration.go:155.3,155.53 1 1
arandu/internal/infrastructure/repository/sqlite/migrations/migration.go:155.53,158.4 2 0
arandu/internal/infrastructure/repository/sqlite/migrations/migration.go:161.3,162.68 2 1
arandu/internal/infrastructure/repository/sqlite/migrations/migration.go:162.68,165.4 2 0
arandu/internal/infrastructure/repository/sqlite/migrations/migration.go:168.3,168.37 1 1
arandu/internal/infrastructure/repository/sqlite/migrations/migration.go:168.37,170.4 1 0
arandu/internal/infrastructure/repository/sqlite/migrations/migration.go:172.3,172.59 1 1
arandu/internal/infrastructure/repository/sqlite/migrations/migration.go:175.2,175.12 1 1
arandu/internal/infrastructure/repository/sqlite/migrations/migration.go:179.59,181.16 2 1
arandu/internal/infrastructure/repository/sqlite/migrations/migration.go:181.16,183.3 1 0
arandu/internal/infrastructure/repository/sqlite/migrations/migration.go:186.2,187.46 2 1
arandu/internal/infrastructure/repository/sqlite/migrations/migration.go:187.46,188.41 1 1
arandu/internal/infrastructure/repository/sqlite/migrations/migration.go:188.41,190.9 2 1
arandu/internal/infrastructure/repository/sqlite/migrations/migration.go:194.2,194.22 1 1
arandu/internal/infrastructure/repository/sqlite/migrations/migration.go:194.22,196.3 1 1
arandu/internal/infrastructure/repository/sqlite/migrations/migration.go:198.2,198.36 1 1
arandu/internal/infrastructure/repository/sqlite/migrations/migration.go:198.36,200.3 1 1
arandu/internal/infrastructure/repository/sqlite/migrations/migration.go:203.2,204.16 2 1
arandu/internal/infrastructure/repository/sqlite/migrations/migration.go:204.16,206.3 1 0
arandu/internal/infrastructure/repository/sqlite/migrations/migration.go:209.2,209.54 1 1
arandu/internal/infrastructure/repository/sqlite/migrations/migration.go:209.54,212.3 2 0
arandu/internal/infrastructure/repository/sqlite/migrations/migration.go:215.2,216.67 2 1
arandu/internal/infrastructure/repository/sqlite/migrations/migration.go:216.67,219.3 2 0
arandu/internal/infrastructure/repository/sqlite/migrations/migration.go:222.2,222.36 1 1
arandu/internal/infrastructure/repository/sqlite/migrations/migration.go:222.36,224.3 1 0
arandu/internal/infrastructure/repository/sqlite/migrations/migration.go:226.2,227.12 2 1
arandu/internal/infrastructure/repository/sqlite/migrations/migration.go:231.49,233.16 2 1
arandu/internal/infrastructure/repository/sqlite/migrations/migration.go:233.16,235.3 1 0
arandu/internal/infrastructure/repository/sqlite/migrations/migration.go:238.2,239.41 2 1
arandu/internal/infrastructure/repository/sqlite/migrations/migration.go:239.41,240.46 1 1
arandu/internal/infrastructure/repository/sqlite/migrations/migration.go:240.46,242.4 1 1
arandu/internal/infrastructure/repository/sqlite/migrations/migration.go:245.2,245.23 1 1
arandu/internal/infrastructure/repository/sqlite/migrations/migration.go:245.23,247.3 1 0
arandu/internal/infrastructure/repository/sqlite/migrations/migration.go:249.2,249.32 1 1
arandu/internal/infrastructure/repository/sqlite/migrations/migration.go:253.61,257.26 4 1
arandu/internal/infrastructure/repository/sqlite/migrations/migration.go:257.26,259.3 1 1
arandu/internal/infrastructure/repository/sqlite/migrations/migration.go:260.2,260.16 1 1
arandu/internal/infrastructure/repository/sqlite/migrations/migration.go:260.16,262.3 1 0
arandu/internal/infrastructure/repository/sqlite/migrations/migration.go:263.2,263.21 1 1
arandu/internal/infrastructure/repository/sqlite/migrations/migration.go:267.66,269.16 2 1
arandu/internal/infrastructure/repository/sqlite/migrations/migration.go:269.16,271.3 1 0
arandu/internal/infrastructure/repository/sqlite/migrations/migration.go:273.2,274.41 2 1
arandu/internal/infrastructure/repository/sqlite/migrations/migration.go:274.41,275.47 1 1
arandu/internal/infrastructure/repository/sqlite/migrations/migration.go:275.47,277.4 1 1
arandu/internal/infrastructure/repository/sqlite/migrations/migration.go:280.2,280.21 1 1
arandu/internal/infrastructure/repository/sqlite/migrations/migration.go:284.73,287.16 3 1
arandu/internal/infrastructure/repository/sqlite/migrations/migration.go:287.16,289.3 1 0
arandu/internal/infrastructure/repository/sqlite/migrations/migration.go:290.2,293.18 3 1
arandu/internal/infrastructure/repository/sqlite/migrations/migration.go:293.18,295.45 2 1
arandu/internal/infrastructure/repository/sqlite/migrations/migration.go:295.45,297.4 1 0
arandu/internal/infrastructure/repository/sqlite/migrations/migration.go:298.3,298.26 1 1
arandu/internal/infrastructure/repository/sqlite/migrations/migration.go:301.2,301.21 1 1
arandu/internal/infrastructure/repository/sqlite/migrations/migration.go:305.64,307.16 2 1
arandu/internal/infrastructure/repository/sqlite/migrations/migration.go:307.16,309.3 1 0
arandu/internal/infrastructure/repository/sqlite/migrations/migration.go:311.2,312.41 2 1
arandu/internal/infrastructure/repository/sqlite/migrations/migration.go:312.41,313.46 1 1
arandu/internal/infrastructure/repository/sqlite/migrations/migration.go:313.46,315.4 1 0
arandu/internal/infrastructure/repository/sqlite/migrations/migration.go:315.9,317.4 1 1
arandu/internal/infrastructure/repository/sqlite/migrations/migration.go:320.2,320.20 1 1
arandu/internal/infrastructure/repository/sqlite/migrations/migration.go:324.94,328.2 2 1
arandu/internal/web/handlers/dashboard_handler.go:20.21,26.2 1 0
arandu/internal/web/handlers/dashboard_handler.go:28.73,29.32 1 0
arandu/internal/web/handlers/dashboard_handler.go:29.32,32.3 2 0
arandu/internal/web/handlers/dashboard_handler.go:34.2,37.16 3 0
arandu/internal/web/handlers/dashboard_handler.go:37.16,40.3 2 0
arandu/internal/web/handlers/dashboard_handler.go:42.2,44.35 3 0
arandu/internal/web/handlers/dashboard_handler.go:44.35,46.17 2 0
arandu/internal/web/handlers/dashboard_handler.go:46.17,49.4 2 0
arandu/internal/web/handlers/dashboard_handler.go:50.3,52.36 2 0
arandu/internal/web/handlers/dashboard_handler.go:52.36,53.14 1 0
arandu/internal/web/handlers/dashboard_handler.go:53.14,54.10 1 0
arandu/internal/web/handlers/dashboard_handler.go:56.4,66.6 1 0
arandu/internal/web/handlers/dashboard_handler.go:70.2,78.29 3 0
arandu/internal/web/handlers/dashboard_handler.go:78.29,84.3 1 0
arandu/internal/web/handlers/dashboard_handler.go:86.2,87.32 2 0
arandu/internal/web/handlers/dashboard_handler.go:87.32,93.10 1 0
arandu/internal/web/handlers/dashboard_handler.go:93.10,100.4 1 0
arandu/internal/web/handlers/dashboard_handler.go:103.2,106.81 3 0
arandu/internal/web/handlers/patient_handler.go:86.112,89.42 2 0
arandu/internal/web/handlers/patient_handler.go:89.42,93.3 2 0
arandu/internal/web/handlers/patient_handler.go:96.2,96.48 1 0
arandu/internal/web/handlers/patient_handler.go:105.19,112.2 1 0
arandu/internal/web/handlers/patient_handler.go:115.66,116.14 1 0
arandu/internal/web/handlers/patient_handler.go:116.14,118.3 1 0
arandu/internal/web/handlers/patient_handler.go:119.2,125.3 1 0
arandu/internal/web/handlers/patient_handler.go:129.78,131.29 2 0
arandu/internal/web/handlers/patient_handler.go:131.29,140.3 1 0
arandu/internal/web/handlers/patient_handler.go:141.2,141.15 1 0
arandu/internal/web/handlers/patient_handler.go:145.110,153.42 4 0
arandu/internal/web/handlers/patient_handler.go:153.42,156.3 2 0
arandu/internal/web/handlers/patient_handler.go:158.2,158.48 1 0
arandu/internal/web/handlers/patient_handler.go:162.96,163.29 1 0
arandu/internal/web/handlers/patient_handler.go:163.29,165.3 1 0
arandu/internal/web/handlers/patient_handler.go:167.2,168.16 2 0
arandu/internal/web/handlers/patient_handler.go:168.16,170.3 1 0
arandu/internal/web/handlers/patient_handler.go:172.2,173.35 2 0
arandu/internal/web/handlers/patient_handler.go:173.35,175.54 1 0
arandu/internal/web/handlers/patient_handler.go:175.54,184.4 4 0
arandu/internal/web/handlers/patient_handler.go:186.2,186.15 1 0
arandu/internal/web/handlers/patient_handler.go:190.79,191.32 1 0
arandu/internal/web/handlers/patient_handler.go:191.32,194.3 2 0
arandu/internal/web/handlers/patient_handler.go:196.2,198.16 3 0
arandu/internal/web/handlers/patient_handler.go:198.16,201.3 2 0
arandu/internal/web/handlers/patient_handler.go:204.2,205.29 2 0
arandu/internal/web/handlers/patient_handler.go:205.29,212.3 1 0
arandu/internal/web/handlers/patient_handler.go:214.2,217.42 2 0
arandu/internal/web/handlers/patient_handler.go:217.42,221.3 2 0
arandu/internal/web/handlers/patient_handler.go:224.2,225.83 2 0
arandu/internal/web/handlers/patient_handler.go:236.71,237.32 1 0
arandu/internal/web/handlers/patient_handler.go:237.32,240.3 2 0
arandu/internal/web/handlers/patient_handler.go:243.2,244.14 2 0
arandu/internal/web/handlers/patient_handler.go:244.14,247.3 2 0
arandu/internal/web/handlers/patient_handler.go:250.2,251.16 2 0
arandu/internal/web/handlers/patient_handler.go:251.16,252.50 1 0
arandu/internal/web/handlers/patient_handler.go:252.50,255.4 2 0
arandu/internal/web/handlers/patient_handler.go:256.3,257.9 2 0
arandu/internal/web/handlers/patient_handler.go:261.2,262.16 2 0
arandu/internal/web/handlers/patient_handler.go:262.16,264.3 1 0
arandu/internal/web/handlers/patient_handler.go:267.2,275.29 3 0
arandu/internal/web/handlers/patient_handler.go:275.29,282.3 1 0
arandu/internal/web/handlers/patient_handler.go:284.2,287.42 2 0
arandu/internal/web/handlers/patient_handler.go:287.42,290.3 2 0
arandu/internal/web/handlers/patient_handler.go:292.2,293.79 2 0
arandu/internal/web/handlers/patient_handler.go:297.77,298.32 1 0
arandu/internal/web/handlers/patient_handler.go:298.32,301.3 2 0
arandu/internal/web/handlers/patient_handler.go:303.2,308.58 3 0
arandu/internal/web/handlers/patient_handler.go:325.80,326.33 1 0
arandu/internal/web/handlers/patient_handler.go:326.33,329.3 2 0
arandu/internal/web/handlers/patient_handler.go:331.2,331.38 1 0
arandu/internal/web/handlers/patient_handler.go:331.38,334.3 2 0
arandu/internal/web/handlers/patient_handler.go:336.2,342.16 3 0
arandu/internal/web/handlers/patient_handler.go:342.16,344.43 1 0
arandu/internal/web/handlers/patient_handler.go:344.43,355.4 4 0
arandu/internal/web/handlers/patient_handler.go:357.3,358.9 2 0
arandu/internal/web/handlers/patient_handler.go:362.2,362.66 1 0
arandu/internal/web/handlers/patient_handler.go:366.68,368.38 2 0
arandu/internal/web/handlers/patient_handler.go:368.38,369.54 1 0
arandu/internal/web/handlers/patient_handler.go:369.54,378.4 4 0
arandu/internal/web/handlers/patient_handler.go:380.2,380.15 1 0
arandu/internal/web/handlers/patient_handler.go:385.52,387.14 2 0
arandu/internal/web/handlers/patient_handler.go:387.14,389.3 1 0
arandu/internal/web/handlers/patient_handler.go:391.2,393.23 2 0
arandu/internal/web/handlers/patient_handler.go:393.23,394.15 1 0
arandu/internal/web/handlers/patient_handler.go:394.15,396.4 1 0
arandu/internal/web/handlers/patient_handler.go:398.2,398.11 1 0
arandu/internal/web/handlers/patient_handler.go:402.30,404.2 1 0
arandu/internal/web/handlers/session_handler.go:86.19,92.2 1 0
arandu/internal/web/handlers/session_handler.go:95.78,96.14 1 0
arandu/internal/web/handlers/session_handler.go:96.14,98.3 1 0
arandu/internal/web/handlers/session_handler.go:99.2,108.3 1 0
arandu/internal/web/handlers/session_handler.go:112.110,120.42 4 0
arandu/internal/web/handlers/session_handler.go:120.42,123.3 2 0
arandu/internal/web/handlers/session_handler.go:125.2,125.48 1 0
arandu/internal/web/handlers/session_handler.go:129.71,130.32 1 0
arandu/internal/web/handlers/session_handler.go:130.32,133.3 2 0
arandu/internal/web/handlers/session_handler.go:136.2,137.14 2 0
arandu/internal/web/handlers/session_handler.go:137.14,140.3 2 0
arandu/internal/web/handlers/session_handler.go:143.2,144.16 2 0
arandu/internal/web/handlers/session_handler.go:144.16,147.3 2 0
arandu/internal/web/handlers/session_handler.go:150.2,151.16 2 0
arandu/internal/web/handlers/session_handler.go:151.16,154.3 2 0
arandu/internal/web/handlers/session_handler.go:157.2,173.42 5 0
arandu/internal/web/handlers/session_handler.go:173.42,176.3 2 0
arandu/internal/web/handlers/session_handler.go:178.2,179.96 2 0
arandu/internal/web/handlers/session_handler.go:183.77,185.32 2 0
arandu/internal/web/handlers/session_handler.go:185.32,188.3 2 0
arandu/internal/web/handlers/session_handler.go:191.2,193.21 3 0
arandu/internal/web/handlers/session_handler.go:193.21,196.3 2 0
arandu/internal/web/handlers/session_handler.go:199.2,200.16 2 0
arandu/internal/web/handlers/session_handler.go:200.16,204.3 3 0
arandu/internal/web/handlers/session_handler.go:205.2,217.42 4 0
arandu/internal/web/handlers/session_handler.go:217.42,219.25 2 0
arandu/internal/web/handlers/session_handler.go:219.25,221.4 1 0
arandu/internal/web/handlers/session_handler.go:222.3,222.9 1 0
arandu/internal/web/handlers/session_handler.go:225.2,226.24 2 0
arandu/internal/web/handlers/session_handler.go:226.24,228.3 1 0
arandu/internal/web/handlers/session_handler.go:232.80,233.33 1 0
arandu/internal/web/handlers/session_handler.go:233.33,236.3 2 0
arandu/internal/web/handlers/session_handler.go:238.2,238.38 1 0
arandu/internal/web/handlers/session_handler.go:238.38,241.3 2 0
arandu/internal/web/handlers/session_handler.go:243.2,244.21 2 0
arandu/internal/web/handlers/session_handler.go:244.21,247.3 2 0
arandu/internal/web/handlers/session_handler.go:249.2,250.19 2 0
arandu/internal/web/handlers/session_handler.go:250.19,253.3 2 0
arandu/internal/web/handlers/session_handler.go:255.2,256.16 2 0
arandu/internal/web/handlers/session_handler.go:256.16,259.3 2 0
arandu/internal/web/handlers/session_handler.go:261.2,264.16 3 0
arandu/internal/web/handlers/session_handler.go:264.16,266.43 1 0
arandu/internal/web/handlers/session_handler.go:266.43,280.4 5 0
arandu/internal/web/handlers/session_handler.go:282.3,283.9 2 0
arandu/internal/web/handlers/session_handler.go:287.2,287.70 1 0
arandu/internal/web/handlers/session_handler.go:291.78,292.32 1 0
arandu/internal/web/handlers/session_handler.go:292.32,295.3 2 0
arandu/internal/web/handlers/session_handler.go:298.2,299.21 2 0
arandu/internal/web/handlers/session_handler.go:299.21,302.3 2 0
arandu/internal/web/handlers/session_handler.go:305.2,306.16 2 0
arandu/internal/web/handlers/session_handler.go:306.16,309.3 2 0
arandu/internal/web/handlers/session_handler.go:312.2,313.16 2 0
arandu/internal/web/handlers/session_handler.go:313.16,316.3 2 0
arandu/internal/web/handlers/session_handler.go:318.2,330.42 3 0
arandu/internal/web/handlers/session_handler.go:330.42,333.3 2 0
arandu/internal/web/handlers/session_handler.go:335.2,335.48 1 0
arandu/internal/web/handlers/session_handler.go:339.80,340.33 1 0
arandu/internal/web/handlers/session_handler.go:340.33,343.3 2 0
arandu/internal/web/handlers/session_handler.go:345.2,345.38 1 0
arandu/internal/web/handlers/session_handler.go:345.38,348.3 2 0
arandu/internal/web/handlers/session_handler.go:350.2,351.21 2 0
arandu/internal/web/handlers/session_handler.go:351.21,354.3 2 0
arandu/internal/web/handlers/session_handler.go:356.2,357.19 2 0
arandu/internal/web/handlers/session_handler.go:357.19,360.3 2 0
arandu/internal/web/handlers/session_handler.go:362.2,363.16 2 0
arandu/internal/web/handlers/session_handler.go:363.16,366.3 2 0
arandu/internal/web/handlers/session_handler.go:368.2,377.16 4 0
arandu/internal/web/handlers/session_handler.go:377.16,378.54 1 0
arandu/internal/web/handlers/session_handler.go:378.54,381.4 2 0
arandu/internal/web/handlers/session_handler.go:384.3,384.43 1 0
arandu/internal/web/handlers/session_handler.go:384.43,399.4 6 0
arandu/internal/web/handlers/session_handler.go:401.3,402.9 2 0
arandu/internal/web/handlers/session_handler.go:406.2,407.16 2 0
arandu/internal/web/handlers/session_handler.go:407.16,410.3 2 0
arandu/internal/web/handlers/session_handler.go:412.2,412.70 1 0
arandu/internal/web/handlers/session_handler.go:416.51,418.29 2 0
arandu/internal/web/handlers/session_handler.go:418.29,419.44 1 0
arandu/internal/web/handlers/session_handler.go:419.44,421.4 1 0
arandu/internal/web/handlers/session_handler.go:423.2,423.11 1 0
arandu/internal/web/handlers/session_handler.go:427.59,429.14 2 0
arandu/internal/web/handlers/session_handler.go:429.14,431.3 1 0
arandu/internal/web/handlers/session_handler.go:433.2,434.11 2 0
arandu/internal/web/handlers/session_handler.go:438.38,441.25 3 0
arandu/internal/web/handlers/session_handler.go:441.25,442.15 1 0
arandu/internal/web/handlers/session_handler.go:442.15,443.21 1 0
arandu/internal/web/handlers/session_handler.go:443.21,446.5 2 0
arandu/internal/web/handlers/session_handler.go:447.9,449.4 1 0
arandu/internal/web/handlers/session_handler.go:451.2,451.19 1 0
arandu/internal/web/handlers/session_handler.go:451.19,453.3 1 0
arandu/internal/web/handlers/session_handler.go:454.2,454.15 1 0
arandu/internal/web/handlers/session_handler.go:457.42,458.56 1 0
arandu/internal/web/handlers/session_handler.go:458.56,460.3 1 0
arandu/internal/web/handlers/session_handler.go:461.2,461.10 1 0
arandu/internal/web/handlers/session_handler.go:464.42,465.63 1 0
arandu/internal/web/handlers/session_handler.go:465.63,467.3 1 0
arandu/internal/web/handlers/session_handler.go:468.2,468.10 1 0
arandu/test_server.go:8.13,9.72 1 0
arandu/test_server.go:9.72,19.3 2 0
arandu/test_server.go:21.2,22.35 2 0
arandu/cmd/arandu/main.go:16.13,19.16 3 0
arandu/cmd/arandu/main.go:19.16,21.3 1 0
arandu/cmd/arandu/main.go:22.2,27.16 3 0
arandu/cmd/arandu/main.go:27.16,29.3 1 0
arandu/cmd/arandu/main.go:30.2,34.58 3 0
arandu/cmd/arandu/main.go:34.58,36.3 1 0
arandu/cmd/arandu/main.go:38.2,39.50 2 0
arandu/cmd/arandu/main.go:39.50,41.3 1 0
arandu/cmd/arandu/main.go:45.2,45.40 1 0
arandu/cmd/arandu/main.go:45.40,47.3 1 0
arandu/cmd/arandu/main.go:49.2,77.67 15 0
arandu/cmd/arandu/main.go:77.67,79.3 1 0
arandu/cmd/arandu/main.go:80.2,94.75 9 0
arandu/cmd/arandu/main.go:94.75,96.53 2 0
arandu/cmd/arandu/main.go:96.53,99.4 2 0
arandu/cmd/arandu/main.go:99.9,102.4 2 0
arandu/cmd/arandu/main.go:105.2,110.55 5 0
arandu/cmd/arandu/main.go:110.55,112.3 1 0
arandu/internal/web/service_adapters.go:18.88,20.2 1 0
arandu/internal/web/service_adapters.go:23.122,25.2 1 0
arandu/internal/web/service_adapters.go:28.144,30.2 1 0
arandu/internal/web/service_adapters.go:33.102,35.2 1 0
arandu/internal/web/service_adapters.go:38.109,40.2 1 0
arandu/internal/web/service_adapters.go:48.88,50.2 1 0
arandu/internal/web/service_adapters.go:53.127,56.2 1 0
arandu/internal/web/service_adapters.go:64.88,66.2 1 0
arandu/internal/web/service_adapters.go:69.106,71.2 1 0
arandu/internal/web/service_adapters.go:74.95,76.2 1 0
arandu/internal/web/service_adapters.go:79.129,81.2 1 0
arandu/internal/web/template_renderer.go:18.79,21.27 1 0
arandu/internal/web/template_renderer.go:21.27,23.4 1 0
arandu/internal/web/template_renderer.go:24.57,26.4 1 0
arandu/internal/web/template_renderer.go:30.2,34.16 3 0
arandu/internal/web/template_renderer.go:34.16,36.3 1 0
arandu/internal/web/template_renderer.go:38.2,38.29 1 0
arandu/internal/web/template_renderer.go:38.29,40.3 1 0
arandu/internal/web/template_renderer.go:42.2,43.16 2 0
arandu/internal/web/template_renderer.go:43.16,45.3 1 0
arandu/internal/web/template_renderer.go:48.2,49.34 2 0
arandu/internal/web/template_renderer.go:49.34,51.3 1 0
arandu/internal/web/template_renderer.go:53.2,55.3 1 0
arandu/internal/web/template_renderer.go:59.111,66.16 3 0
arandu/internal/web/template_renderer.go:66.16,70.3 2 0
arandu/internal/web/template_renderer.go:71.2,71.12 1 0
arandu/web/components/dashboard/dashboard_templ.go:35.93,36.131 1 0
arandu/web/components/dashboard/dashboard_templ.go:36.131,38.71 2 0
arandu/web/components/dashboard/dashboard_templ.go:38.71,40.4 1 0
arandu/web/components/dashboard/dashboard_templ.go:41.3,42.31 2 0
arandu/web/components/dashboard/dashboard_templ.go:42.31,43.17 1 0
arandu/web/components/dashboard/dashboard_templ.go:43.17,45.34 2 0
arandu/web/components/dashboard/dashboard_templ.go:45.34,47.6 1 0
arandu/web/components/dashboard/dashboard_templ.go:50.3,52.33 3 0
arandu/web/components/dashboard/dashboard_templ.go:52.33,54.4 1 0
arandu/web/components/dashboard/dashboard_templ.go:55.3,57.32 3 0
arandu/web/components/dashboard/dashboard_templ.go:57.32,59.4 1 0
arandu/web/components/dashboard/dashboard_templ.go:60.3,62.32 3 0
arandu/web/components/dashboard/dashboard_templ.go:62.32,64.4 1 0
arandu/web/components/dashboard/dashboard_templ.go:65.3,66.32 2 0
arandu/web/components/dashboard/dashboard_templ.go:66.32,68.4 1 0
arandu/web/components/dashboard/dashboard_templ.go:69.3,70.32 2 0
arandu/web/components/dashboard/dashboard_templ.go:70.32,72.4 1 0
arandu/web/components/dashboard/dashboard_templ.go:73.3,75.32 3 0
arandu/web/components/dashboard/dashboard_templ.go:75.32,77.4 1 0
arandu/web/components/dashboard/dashboard_templ.go:78.3,79.32 2 0
arandu/web/components/dashboard/dashboard_templ.go:79.32,81.4 1 0
arandu/web/components/dashboard/dashboard_templ.go:82.3,83.32 2 0
arandu/web/components/dashboard/dashboard_templ.go:83.32,85.4 1 0
arandu/web/components/dashboard/dashboard_templ.go:86.3,86.24 1 0
arandu/web/components/dashboard/dashboard_templ.go:86.24,88.33 2 0
arandu/web/components/dashboard/dashboard_templ.go:88.33,90.5 1 0
arandu/web/components/dashboard/dashboard_templ.go:91.4,91.31 1 0
arandu/web/components/dashboard/dashboard_templ.go:91.31,93.34 2 0
arandu/web/components/dashboard/dashboard_templ.go:93.34,95.6 1 0
arandu/web/components/dashboard/dashboard_templ.go:96.5,98.34 3 0
arandu/web/components/dashboard/dashboard_templ.go:98.34,100.6 1 0
arandu/web/components/dashboard/dashboard_templ.go:101.5,102.34 2 0
arandu/web/components/dashboard/dashboard_templ.go:102.34,104.6 1 0
arandu/web/components/dashboard/dashboard_templ.go:105.5,106.34 2 0
arandu/web/components/dashboard/dashboard_templ.go:106.34,108.6 1 0
arandu/web/components/dashboard/dashboard_templ.go:109.5,111.34 3 0
arandu/web/components/dashboard/dashboard_templ.go:111.34,113.6 1 0
arandu/web/components/dashboard/dashboard_templ.go:114.5,115.34 2 0
arandu/web/components/dashboard/dashboard_templ.go:115.34,117.6 1 0
arandu/web/components/dashboard/dashboard_templ.go:118.5,119.34 2 0
arandu/web/components/dashboard/dashboard_templ.go:119.34,121.6 1 0
arandu/web/components/dashboard/dashboard_templ.go:122.5,124.34 3 0
arandu/web/components/dashboard/dashboard_templ.go:124.34,126.6 1 0
arandu/web/components/dashboard/dashboard_templ.go:127.5,128.34 2 0
arandu/web/components/dashboard/dashboard_templ.go:128.34,130.6 1 0
arandu/web/components/dashboard/dashboard_templ.go:131.5,132.34 2 0
arandu/web/components/dashboard/dashboard_templ.go:132.34,134.6 1 0
arandu/web/components/dashboard/dashboard_templ.go:136.4,137.33 2 0
arandu/web/components/dashboard/dashboard_templ.go:137.33,139.5 1 0
arandu/web/components/dashboard/dashboard_templ.go:140.9,142.33 2 0
arandu/web/components/dashboard/dashboard_templ.go:142.33,144.5 1 0
arandu/web/components/dashboard/dashboard_templ.go:146.3,147.32 2 0
arandu/web/components/dashboard/dashboard_templ.go:147.32,149.4 1 0
arandu/web/components/dashboard/dashboard_templ.go:150.3,150.13 1 0
arandu/web/components/patient/detail_templ.go:27.87,28.131 1 0
arandu/web/components/patient/detail_templ.go:28.131,30.71 2 0
arandu/web/components/patient/detail_templ.go:30.71,32.4 1 0
arandu/web/components/patient/detail_templ.go:33.3,34.31 2 0
arandu/web/components/patient/detail_templ.go:34.31,35.17 1 0
arandu/web/components/patient/detail_templ.go:35.17,37.34 2 0
arandu/web/components/patient/detail_templ.go:37.34,39.6 1 0
arandu/web/components/patient/detail_templ.go:42.3,44.33 3 0
arandu/web/components/patient/detail_templ.go:44.33,46.4 1 0
arandu/web/components/patient/detail_templ.go:47.3,49.32 3 0
arandu/web/components/patient/detail_templ.go:49.32,51.4 1 0
arandu/web/components/patient/detail_templ.go:52.3,54.32 3 0
arandu/web/components/patient/detail_templ.go:54.32,56.4 1 0
arandu/web/components/patient/detail_templ.go:57.3,58.32 2 0
arandu/web/components/patient/detail_templ.go:58.32,60.4 1 0
arandu/web/components/patient/detail_templ.go:61.3,62.32 2 0
arandu/web/components/patient/detail_templ.go:62.32,64.4 1 0
arandu/web/components/patient/detail_templ.go:65.3,67.32 3 0
arandu/web/components/patient/detail_templ.go:67.32,69.4 1 0
arandu/web/components/patient/detail_templ.go:70.3,71.32 2 0
arandu/web/components/patient/detail_templ.go:71.32,73.4 1 0
arandu/web/components/patient/detail_templ.go:74.3,75.32 2 0
arandu/web/components/patient/detail_templ.go:75.32,77.4 1 0
arandu/web/components/patient/detail_templ.go:78.3,80.32 3 0
arandu/web/components/patient/detail_templ.go:80.32,82.4 1 0
arandu/web/components/patient/detail_templ.go:83.3,84.32 2 0
arandu/web/components/patient/detail_templ.go:84.32,86.4 1 0
arandu/web/components/patient/detail_templ.go:87.3,88.32 2 0
arandu/web/components/patient/detail_templ.go:88.32,90.4 1 0
arandu/web/components/patient/detail_templ.go:91.3,91.26 1 0
arandu/web/components/patient/detail_templ.go:91.26,93.33 2 0
arandu/web/components/patient/detail_templ.go:93.33,95.5 1 0
arandu/web/components/patient/detail_templ.go:96.4,98.33 3 0
arandu/web/components/patient/detail_templ.go:98.33,100.5 1 0
arandu/web/components/patient/detail_templ.go:101.4,102.33 2 0
arandu/web/components/patient/detail_templ.go:102.33,104.5 1 0
arandu/web/components/patient/detail_templ.go:105.4,106.33 2 0
arandu/web/components/patient/detail_templ.go:106.33,108.5 1 0
arandu/web/components/patient/detail_templ.go:109.9,111.33 2 0
arandu/web/components/patient/detail_templ.go:111.33,113.5 1 0
arandu/web/components/patient/detail_templ.go:115.3,116.32 2 0
arandu/web/components/patient/detail_templ.go:116.32,118.4 1 0
arandu/web/components/patient/detail_templ.go:119.3,121.32 3 0
arandu/web/components/patient/detail_templ.go:121.32,123.4 1 0
arandu/web/components/patient/detail_templ.go:124.3,125.32 2 0
arandu/web/components/patient/detail_templ.go:125.32,127.4 1 0
arandu/web/components/patient/detail_templ.go:128.3,129.32 2 0
arandu/web/components/patient/detail_templ.go:129.32,131.4 1 0
arandu/web/components/patient/detail_templ.go:132.3,134.32 3 0
arandu/web/components/patient/detail_templ.go:134.32,136.4 1 0
arandu/web/components/patient/detail_templ.go:137.3,138.32 2 0
arandu/web/components/patient/detail_templ.go:138.32,140.4 1 0
arandu/web/components/patient/detail_templ.go:141.3,142.32 2 0
arandu/web/components/patient/detail_templ.go:142.32,144.4 1 0
arandu/web/components/patient/detail_templ.go:145.3,147.32 3 0
arandu/web/components/patient/detail_templ.go:147.32,149.4 1 0
arandu/web/components/patient/detail_templ.go:150.3,151.32 2 0
arandu/web/components/patient/detail_templ.go:151.32,153.4 1 0
arandu/web/components/patient/detail_templ.go:154.3,155.32 2 0
arandu/web/components/patient/detail_templ.go:155.32,157.4 1 0
arandu/web/components/patient/detail_templ.go:158.3,158.24 1 0
arandu/web/components/patient/detail_templ.go:158.24,160.33 2 0
arandu/web/components/patient/detail_templ.go:160.33,162.5 1 0
arandu/web/components/patient/detail_templ.go:163.4,163.31 1 0
arandu/web/components/patient/detail_templ.go:163.31,165.34 2 0
arandu/web/components/patient/detail_templ.go:165.34,167.6 1 0
arandu/web/components/patient/detail_templ.go:168.5,170.34 3 0
arandu/web/components/patient/detail_templ.go:170.34,172.6 1 0
arandu/web/components/patient/detail_templ.go:173.5,174.34 2 0
arandu/web/components/patient/detail_templ.go:174.34,176.6 1 0
arandu/web/components/patient/detail_templ.go:177.5,178.34 2 0
arandu/web/components/patient/detail_templ.go:178.34,180.6 1 0
arandu/web/components/patient/detail_templ.go:181.5,183.34 3 0
arandu/web/components/patient/detail_templ.go:183.34,185.6 1 0
arandu/web/components/patient/detail_templ.go:186.5,187.34 2 0
arandu/web/components/patient/detail_templ.go:187.34,189.6 1 0
arandu/web/components/patient/detail_templ.go:190.5,191.34 2 0
arandu/web/components/patient/detail_templ.go:191.34,193.6 1 0
arandu/web/components/patient/detail_templ.go:194.5,196.34 3 0
arandu/web/components/patient/detail_templ.go:196.34,198.6 1 0
arandu/web/components/patient/detail_templ.go:199.5,200.34 2 0
arandu/web/components/patient/detail_templ.go:200.34,202.6 1 0
arandu/web/components/patient/detail_templ.go:203.5,204.34 2 0
arandu/web/components/patient/detail_templ.go:204.34,206.6 1 0
arandu/web/components/patient/detail_templ.go:207.5,207.24 1 0
arandu/web/components/patient/detail_templ.go:207.24,209.35 2 0
arandu/web/components/patient/detail_templ.go:209.35,211.7 1 0
arandu/web/components/patient/detail_templ.go:212.6,214.35 3 0
arandu/web/components/patient/detail_templ.go:214.35,216.7 1 0
arandu/web/components/patient/detail_templ.go:217.6,218.35 2 0
arandu/web/components/patient/detail_templ.go:218.35,220.7 1 0
arandu/web/components/patient/detail_templ.go:221.6,222.35 2 0
arandu/web/components/patient/detail_templ.go:222.35,224.7 1 0
arandu/web/components/patient/detail_templ.go:226.5,227.34 2 0
arandu/web/components/patient/detail_templ.go:227.34,229.6 1 0
arandu/web/components/patient/detail_templ.go:231.4,232.33 2 0
arandu/web/components/patient/detail_templ.go:232.33,234.5 1 0
arandu/web/components/patient/detail_templ.go:235.9,237.33 2 0
arandu/web/components/patient/detail_templ.go:237.33,239.5 1 0
arandu/web/components/patient/detail_templ.go:240.4,242.33 3 0
arandu/web/components/patient/detail_templ.go:242.33,244.5 1 0
arandu/web/components/patient/detail_templ.go:245.4,246.33 2 0
arandu/web/components/patient/detail_templ.go:246.33,248.5 1 0
arandu/web/components/patient/detail_templ.go:249.4,250.33 2 0
arandu/web/components/patient/detail_templ.go:250.33,252.5 1 0
arandu/web/components/patient/detail_templ.go:254.3,255.32 2 0
arandu/web/components/patient/detail_templ.go:255.32,257.4 1 0
arandu/web/components/patient/detail_templ.go:258.3,258.13 1 0
arandu/web/components/patient/list_templ.go:18.79,19.131 1 0
arandu/web/components/patient/list_templ.go:19.131,21.71 2 0
arandu/web/components/patient/list_templ.go:21.71,23.4 1 0
arandu/web/components/patient/list_templ.go:24.3,25.31 2 0
arandu/web/components/patient/list_templ.go:25.31,26.17 1 0
arandu/web/components/patient/list_templ.go:26.17,28.34 2 0
arandu/web/components/patient/list_templ.go:28.34,30.6 1 0
arandu/web/components/patient/list_templ.go:33.3,35.33 3 0
arandu/web/components/patient/list_templ.go:35.33,37.4 1 0
arandu/web/components/patient/list_templ.go:38.3,40.32 3 0
arandu/web/components/patient/list_templ.go:40.32,42.4 1 0
arandu/web/components/patient/list_templ.go:43.3,43.21 1 0
arandu/web/components/patient/list_templ.go:43.21,45.33 2 0
arandu/web/components/patient/list_templ.go:45.33,47.5 1 0
arandu/web/components/patient/list_templ.go:48.4,50.33 3 0
arandu/web/components/patient/list_templ.go:50.33,52.5 1 0
arandu/web/components/patient/list_templ.go:53.4,54.33 2 0
arandu/web/components/patient/list_templ.go:54.33,56.5 1 0
arandu/web/components/patient/list_templ.go:57.4,58.33 2 0
arandu/web/components/patient/list_templ.go:58.33,60.5 1 0
arandu/web/components/patient/list_templ.go:62.3,62.24 1 0
arandu/web/components/patient/list_templ.go:62.24,64.33 2 0
arandu/web/components/patient/list_templ.go:64.33,66.5 1 0
arandu/web/components/patient/list_templ.go:67.4,67.31 1 0
arandu/web/components/patient/list_templ.go:67.31,69.34 2 0
arandu/web/components/patient/list_templ.go:69.34,71.6 1 0
arandu/web/components/patient/list_templ.go:72.5,74.34 3 0
arandu/web/components/patient/list_templ.go:74.34,76.6 1 0
arandu/web/components/patient/list_templ.go:77.5,78.34 2 0
arandu/web/components/patient/list_templ.go:78.34,80.6 1 0
arandu/web/components/patient/list_templ.go:81.5,82.34 2 0
arandu/web/components/patient/list_templ.go:82.34,84.6 1 0
arandu/web/components/patient/list_templ.go:85.5,87.34 3 0
arandu/web/components/patient/list_templ.go:87.34,89.6 1 0
arandu/web/components/patient/list_templ.go:90.5,91.34 2 0
arandu/web/components/patient/list_templ.go:91.34,93.6 1 0
arandu/web/components/patient/list_templ.go:94.5,95.34 2 0
arandu/web/components/patient/list_templ.go:95.34,97.6 1 0
arandu/web/components/patient/list_templ.go:98.5,98.22 1 0
arandu/web/components/patient/list_templ.go:98.22,100.35 2 0
arandu/web/components/patient/list_templ.go:100.35,102.7 1 0
arandu/web/components/patient/list_templ.go:103.6,105.35 3 0
arandu/web/components/patient/list_templ.go:105.35,107.7 1 0
arandu/web/components/patient/list_templ.go:108.6,109.35 2 0
arandu/web/components/patient/list_templ.go:109.35,111.7 1 0
arandu/web/components/patient/list_templ.go:112.6,113.35 2 0
arandu/web/components/patient/list_templ.go:113.35,115.7 1 0
arandu/web/components/patient/list_templ.go:116.11,118.35 2 0
arandu/web/components/patient/list_templ.go:118.35,120.7 1 0
arandu/web/components/patient/list_templ.go:122.5,123.34 2 0
arandu/web/components/patient/list_templ.go:123.34,125.6 1 0
arandu/web/components/patient/list_templ.go:126.5,128.34 3 0
arandu/web/components/patient/list_templ.go:128.34,130.6 1 0
arandu/web/components/patient/list_templ.go:131.5,132.34 2 0
arandu/web/components/patient/list_templ.go:132.34,134.6 1 0
arandu/web/components/patient/list_templ.go:135.5,136.34 2 0
arandu/web/components/patient/list_templ.go:136.34,138.6 1 0
arandu/web/components/patient/list_templ.go:140.4,141.33 2 0
arandu/web/components/patient/list_templ.go:141.33,143.5 1 0
arandu/web/components/patient/list_templ.go:144.9,146.33 2 0
arandu/web/components/patient/list_templ.go:146.33,148.5 1 0
arandu/web/components/patient/list_templ.go:150.3,150.13 1 0
arandu/web/components/patient/list_templ.go:155.87,156.131 1 0
arandu/web/components/patient/list_templ.go:156.131,158.71 2 0
arandu/web/components/patient/list_templ.go:158.71,160.4 1 0
arandu/web/components/patient/list_templ.go:161.3,162.31 2 0
arandu/web/components/patient/list_templ.go:162.31,163.17 1 0
arandu/web/components/patient/list_templ.go:163.17,165.34 2 0
arandu/web/components/patient/list_templ.go:165.34,167.6 1 0
arandu/web/components/patient/list_templ.go:170.3,172.33 3 0
arandu/web/components/patient/list_templ.go:172.33,174.4 1 0
arandu/web/components/patient/list_templ.go:175.3,177.32 3 0
arandu/web/components/patient/list_templ.go:177.32,179.4 1 0
arandu/web/components/patient/list_templ.go:180.3,180.13 1 0
arandu/web/components/session/detail_templ.go:30.156,31.131 1 0
arandu/web/components/session/detail_templ.go:31.131,33.71 2 0
arandu/web/components/session/detail_templ.go:33.71,35.4 1 0
arandu/web/components/session/detail_templ.go:36.3,37.31 2 0
arandu/web/components/session/detail_templ.go:37.31,38.17 1 0
arandu/web/components/session/detail_templ.go:38.17,40.34 2 0
arandu/web/components/session/detail_templ.go:40.34,42.6 1 0
arandu/web/components/session/detail_templ.go:45.3,47.33 3 0
arandu/web/components/session/detail_templ.go:47.33,49.4 1 0
arandu/web/components/session/detail_templ.go:50.3,51.21 2 0
arandu/web/components/session/detail_templ.go:51.21,53.33 2 0
arandu/web/components/session/detail_templ.go:53.33,55.5 1 0
arandu/web/components/session/detail_templ.go:56.4,58.33 3 0
arandu/web/components/session/detail_templ.go:58.33,60.5 1 0
arandu/web/components/session/detail_templ.go:61.4,62.33 2 0
arandu/web/components/session/detail_templ.go:62.33,64.5 1 0
arandu/web/components/session/detail_templ.go:65.4,66.33 2 0
arandu/web/components/session/detail_templ.go:66.33,68.5 1 0
arandu/web/components/session/detail_templ.go:69.4,71.33 3 0
arandu/web/components/session/detail_templ.go:71.33,73.5 1 0
arandu/web/components/session/detail_templ.go:74.4,75.33 2 0
arandu/web/components/session/detail_templ.go:75.33,77.5 1 0
arandu/web/components/session/detail_templ.go:78.4,79.33 2 0
arandu/web/components/session/detail_templ.go:79.33,81.5 1 0
arandu/web/components/session/detail_templ.go:82.9,84.33 2 0
arandu/web/components/session/detail_templ.go:84.33,86.5 1 0
arandu/web/components/session/detail_templ.go:87.4,89.33 3 0
arandu/web/components/session/detail_templ.go:89.33,91.5 1 0
arandu/web/components/session/detail_templ.go:92.4,93.33 2 0
arandu/web/components/session/detail_templ.go:93.33,95.5 1 0
arandu/web/components/session/detail_templ.go:96.4,97.33 2 0
arandu/web/components/session/detail_templ.go:97.33,99.5 1 0
arandu/web/components/session/detail_templ.go:100.4,102.33 3 0
arandu/web/components/session/detail_templ.go:102.33,104.5 1 0
arandu/web/components/session/detail_templ.go:105.4,106.33 2 0
arandu/web/components/session/detail_templ.go:106.33,108.5 1 0
arandu/web/components/session/detail_templ.go:109.4,110.33 2 0
arandu/web/components/session/detail_templ.go:110.33,112.5 1 0
arandu/web/components/session/detail_templ.go:113.4,113.29 1 0
arandu/web/components/session/detail_templ.go:113.29,115.34 2 0
arandu/web/components/session/detail_templ.go:115.34,117.6 1 0
arandu/web/components/session/detail_templ.go:118.5,118.36 1 0
arandu/web/components/session/detail_templ.go:118.36,120.35 2 0
arandu/web/components/session/detail_templ.go:120.35,122.7 1 0
arandu/web/components/session/detail_templ.go:123.6,125.35 3 0
arandu/web/components/session/detail_templ.go:125.35,127.7 1 0
arandu/web/components/session/detail_templ.go:128.6,129.35 2 0
arandu/web/components/session/detail_templ.go:129.35,131.7 1 0
arandu/web/components/session/detail_templ.go:132.6,133.35 2 0
arandu/web/components/session/detail_templ.go:133.35,135.7 1 0
arandu/web/components/session/detail_templ.go:136.6,138.35 3 0
arandu/web/components/session/detail_templ.go:138.35,140.7 1 0
arandu/web/components/session/detail_templ.go:141.6,142.35 2 0
arandu/web/components/session/detail_templ.go:142.35,144.7 1 0
arandu/web/components/session/detail_templ.go:145.6,146.35 2 0
arandu/web/components/session/detail_templ.go:146.35,148.7 1 0
arandu/web/components/session/detail_templ.go:150.5,151.34 2 0
arandu/web/components/session/detail_templ.go:151.34,153.6 1 0
arandu/web/components/session/detail_templ.go:154.10,156.34 2 0
arandu/web/components/session/detail_templ.go:156.34,158.6 1 0
arandu/web/components/session/detail_templ.go:160.4,161.33 2 0
arandu/web/components/session/detail_templ.go:161.33,163.5 1 0
arandu/web/components/session/detail_templ.go:164.4,164.30 1 0
arandu/web/components/session/detail_templ.go:164.30,166.34 2 0
arandu/web/components/session/detail_templ.go:166.34,168.6 1 0
arandu/web/components/session/detail_templ.go:169.5,169.37 1 0
arandu/web/components/session/detail_templ.go:169.37,171.35 2 0
arandu/web/components/session/detail_templ.go:171.35,173.7 1 0
arandu/web/components/session/detail_templ.go:174.6,176.35 3 0
arandu/web/components/session/detail_templ.go:176.35,178.7 1 0
arandu/web/components/session/detail_templ.go:179.6,180.35 2 0
arandu/web/components/session/detail_templ.go:180.35,182.7 1 0
arandu/web/components/session/detail_templ.go:183.6,184.35 2 0
arandu/web/components/session/detail_templ.go:184.35,186.7 1 0
arandu/web/components/session/detail_templ.go:187.6,189.35 3 0
arandu/web/components/session/detail_templ.go:189.35,191.7 1 0
arandu/web/components/session/detail_templ.go:192.6,193.35 2 0
arandu/web/components/session/detail_templ.go:193.35,195.7 1 0
arandu/web/components/session/detail_templ.go:196.6,197.35 2 0
arandu/web/components/session/detail_templ.go:197.35,199.7 1 0
arandu/web/components/session/detail_templ.go:201.5,202.34 2 0
arandu/web/components/session/detail_templ.go:202.34,204.6 1 0
arandu/web/components/session/detail_templ.go:205.10,207.34 2 0
arandu/web/components/session/detail_templ.go:207.34,209.6 1 0
arandu/web/components/session/detail_templ.go:211.4,212.33 2 0
arandu/web/components/session/detail_templ.go:212.33,214.5 1 0
arandu/web/components/session/detail_templ.go:215.4,215.29 1 0
arandu/web/components/session/detail_templ.go:215.29,218.34 3 0
arandu/web/components/session/detail_templ.go:218.34,220.6 1 0
arandu/web/components/session/detail_templ.go:221.5,222.34 2 0
arandu/web/components/session/detail_templ.go:222.34,224.6 1 0
arandu/web/components/session/detail_templ.go:225.10,227.34 2 0
arandu/web/components/session/detail_templ.go:227.34,229.6 1 0
arandu/web/components/session/detail_templ.go:231.4,232.33 2 0
arandu/web/components/session/detail_templ.go:232.33,234.5 1 0
arandu/web/components/session/detail_templ.go:236.3,236.13 1 0
arandu/web/components/layout/layout_templ.go:16.81,17.131 1 0
arandu/web/components/layout/layout_templ.go:17.131,19.71 2 0
arandu/web/components/layout/layout_templ.go:19.71,21.4 1 0
arandu/web/components/layout/layout_templ.go:22.3,23.31 2 0
arandu/web/components/layout/layout_templ.go:23.31,24.17 1 0
arandu/web/components/layout/layout_templ.go:24.17,26.34 2 0
arandu/web/components/layout/layout_templ.go:26.34,28.6 1 0
arandu/web/components/layout/layout_templ.go:31.3,33.33 3 0
arandu/web/components/layout/layout_templ.go:33.33,35.4 1 0
arandu/web/components/layout/layout_templ.go:36.3,38.32 3 0
arandu/web/components/layout/layout_templ.go:38.32,40.4 1 0
arandu/web/components/layout/layout_templ.go:41.3,41.22 1 0
arandu/web/components/layout/layout_templ.go:41.22,43.33 2 0
arandu/web/components/layout/layout_templ.go:43.33,45.5 1 0
arandu/web/components/layout/layout_templ.go:46.4,48.33 3 0
arandu/web/components/layout/layout_templ.go:48.33,50.5 1 0
arandu/web/components/layout/layout_templ.go:51.4,52.33 2 0
arandu/web/components/layout/layout_templ.go:52.33,54.5 1 0
arandu/web/components/layout/layout_templ.go:56.3,57.32 2 0
arandu/web/components/layout/layout_templ.go:57.32,59.4 1 0
arandu/web/components/layout/layout_templ.go:60.3,61.32 2 0
arandu/web/components/layout/layout_templ.go:61.32,63.4 1 0
arandu/web/components/layout/layout_templ.go:64.3,65.32 2 0
arandu/web/components/layout/layout_templ.go:65.32,67.4 1 0
arandu/web/components/layout/layout_templ.go:68.3,69.32 2 0
arandu/web/components/layout/layout_templ.go:69.32,71.4 1 0
arandu/web/components/layout/layout_templ.go:72.3,73.32 2 0
arandu/web/components/layout/layout_templ.go:73.32,75.4 1 0
arandu/web/components/layout/layout_templ.go:76.3,76.13 1 0
arandu/web/components/layout/layout_templ.go:80.45,81.131 1 0
arandu/web/components/layout/layout_templ.go:81.131,83.71 2 0
arandu/web/components/layout/layout_templ.go:83.71,85.4 1 0
arandu/web/components/layout/layout_templ.go:86.3,87.31 2 0
arandu/web/components/layout/layout_templ.go:87.31,88.17 1 0
arandu/web/components/layout/layout_templ.go:88.17,90.34 2 0
arandu/web/components/layout/layout_templ.go:90.34,92.6 1 0
arandu/web/components/layout/layout_templ.go:95.3,97.33 3 0
arandu/web/components/layout/layout_templ.go:97.33,99.4 1 0
arandu/web/components/layout/layout_templ.go:100.3,102.32 3 0
arandu/web/components/layout/layout_templ.go:102.32,104.4 1 0
arandu/web/components/layout/layout_templ.go:105.3,105.22 1 0
arandu/web/components/layout/layout_templ.go:105.22,107.33 2 0
arandu/web/components/layout/layout_templ.go:107.33,109.5 1 0
arandu/web/components/layout/layout_templ.go:110.4,112.33 3 0
arandu/web/components/layout/layout_templ.go:112.33,114.5 1 0
arandu/web/components/layout/layout_templ.go:115.4,116.33 2 0
arandu/web/components/layout/layout_templ.go:116.33,118.5 1 0
arandu/web/components/layout/layout_templ.go:120.3,121.32 2 0
arandu/web/components/layout/layout_templ.go:121.32,123.4 1 0
arandu/web/components/layout/layout_templ.go:124.3,125.32 2 0
arandu/web/components/layout/layout_templ.go:125.32,127.4 1 0
arandu/web/components/layout/layout_templ.go:128.3,129.32 2 0
arandu/web/components/layout/layout_templ.go:129.32,131.4 1 0
arandu/web/components/layout/layout_templ.go:132.3,132.13 1 0
arandu/web/components/layout/layout_templ.go:136.31,137.131 1 0
arandu/web/components/layout/layout_templ.go:137.131,139.71 2 0
arandu/web/components/layout/layout_templ.go:139.71,141.4 1 0
arandu/web/components/layout/layout_templ.go:142.3,143.31 2 0
arandu/web/components/layout/layout_templ.go:143.31,144.17 1 0
arandu/web/components/layout/layout_templ.go:144.17,146.34 2 0
arandu/web/components/layout/layout_templ.go:146.34,148.6 1 0
arandu/web/components/layout/layout_templ.go:151.3,153.33 3 0
arandu/web/components/layout/layout_templ.go:153.33,155.4 1 0
arandu/web/components/layout/layout_templ.go:156.3,158.32 3 0
arandu/web/components/layout/layout_templ.go:158.32,160.4 1 0
arandu/web/components/layout/layout_templ.go:161.3,162.32 2 0
arandu/web/components/layout/layout_templ.go:162.32,164.4 1 0
arandu/web/components/layout/layout_templ.go:165.3,166.32 2 0
arandu/web/components/layout/layout_templ.go:166.32,168.4 1 0
arandu/web/components/layout/layout_templ.go:169.3,170.32 2 0
arandu/web/components/layout/layout_templ.go:170.32,172.4 1 0
arandu/web/components/layout/layout_templ.go:173.3,174.32 2 0
arandu/web/components/layout/layout_templ.go:174.32,176.4 1 0
arandu/web/components/layout/layout_templ.go:177.3,177.13 1 0
arandu/web/components/layout/layout_templ.go:181.32,182.131 1 0
arandu/web/components/layout/layout_templ.go:182.131,184.71 2 0
arandu/web/components/layout/layout_templ.go:184.71,186.4 1 0
arandu/web/components/layout/layout_templ.go:187.3,188.31 2 0
arandu/web/components/layout/layout_templ.go:188.31,189.17 1 0
arandu/web/components/layout/layout_templ.go:189.17,191.34 2 0
arandu/web/components/layout/layout_templ.go:191.34,193.6 1 0
arandu/web/components/layout/layout_templ.go:196.3,198.33 3 0
arandu/web/components/layout/layout_templ.go:198.33,200.4 1 0
arandu/web/components/layout/layout_templ.go:201.3,203.32 3 0
arandu/web/components/layout/layout_templ.go:203.32,205.4 1 0
arandu/web/components/layout/layout_templ.go:206.3,206.13 1 0
arandu/web/handlers/handler.go:30.12,41.2 3 0
arandu/web/handlers/handler.go:43.50,51.16 3 0
arandu/web/handlers/handler.go:51.16,53.3 1 0
arandu/web/handlers/handler.go:54.2,54.25 1 0
arandu/web/handlers/handler.go:57.98,58.17 1 0
arandu/web/handlers/handler.go:58.17,60.3 1 0
arandu/web/handlers/handler.go:62.2,66.16 3 0
arandu/web/handlers/handler.go:66.16,69.3 2 0
arandu/web/handlers/handler.go:69.8,71.3 1 0
arandu/web/handlers/handler.go:74.148,75.17 1 0
arandu/web/handlers/handler.go:75.17,77.3 1 0
arandu/web/handlers/handler.go:80.2,82.24 3 0
arandu/web/handlers/handler.go:82.24,84.3 1 0
arandu/web/handlers/handler.go:87.2,87.44 1 0
arandu/web/handlers/handler.go:87.44,89.3 1 0
arandu/web/handlers/handler.go:91.2,91.13 1 0
arandu/web/handlers/handler.go:94.86,99.48 3 0
arandu/web/handlers/handler.go:99.48,101.3 1 0
arandu/web/handlers/handler.go:101.8,105.3 1 0
arandu/web/handlers/handler.go:108.2,108.50 1 0
arandu/web/handlers/handler.go:108.50,110.3 1 0
arandu/web/handlers/handler.go:111.2,111.48 1 0
arandu/web/handlers/handler.go:111.48,113.3 1 0
arandu/web/handlers/handler.go:115.2,116.16 2 0
arandu/web/handlers/handler.go:116.16,119.3 2 0
arandu/web/handlers/handler.go:119.8,121.3 1 0
arandu/web/handlers/handler.go:124.99,126.16 2 0
arandu/web/handlers/handler.go:126.16,130.3 2 0
arandu/web/handlers/handler.go:133.69,134.32 1 0
arandu/web/handlers/handler.go:134.32,137.3 2 0
arandu/web/handlers/handler.go:139.2,142.16 3 0
arandu/web/handlers/handler.go:142.16,145.3 2 0
arandu/web/handlers/handler.go:147.2,149.35 3 0
arandu/web/handlers/handler.go:149.35,151.17 2 0
arandu/web/handlers/handler.go:151.17,154.4 2 0
arandu/web/handlers/handler.go:155.3,157.36 2 0
arandu/web/handlers/handler.go:157.36,158.14 1 0
arandu/web/handlers/handler.go:158.14,159.10 1 0
arandu/web/handlers/handler.go:161.4,171.6 1 0
arandu/web/handlers/handler.go:175.2,210.51 5 0
arandu/web/handlers/handler.go:213.68,214.32 1 0
arandu/web/handlers/handler.go:214.32,216.3 1 0
arandu/web/handlers/handler.go:216.8,216.40 1 0
arandu/web/handlers/handler.go:216.40,218.3 1 0
arandu/web/handlers/handler.go:218.8,220.3 1 0
arandu/web/handlers/handler.go:223.77,227.16 3 0
arandu/web/handlers/handler.go:227.16,231.3 3 0
arandu/web/handlers/handler.go:233.2,239.23 4 0
arandu/web/handlers/handler.go:242.79,243.38 1 0
arandu/web/handlers/handler.go:243.38,246.3 2 0
arandu/web/handlers/handler.go:248.2,254.16 3 0
arandu/web/handlers/handler.go:254.16,257.3 2 0
arandu/web/handlers/handler.go:259.2,259.66 1 0
arandu/web/handlers/handler.go:262.70,263.32 1 0
arandu/web/handlers/handler.go:263.32,266.3 2 0
arandu/web/handlers/handler.go:269.2,349.23 3 0
arandu/web/handlers/handler.go:352.67,353.32 1 0
arandu/web/handlers/handler.go:353.32,356.3 2 0
arandu/web/handlers/handler.go:358.2,359.14 2 0
arandu/web/handlers/handler.go:359.14,362.3 2 0
arandu/web/handlers/handler.go:364.2,365.16 2 0
arandu/web/handlers/handler.go:365.16,368.3 2 0
arandu/web/handlers/handler.go:369.2,369.20 1 0
arandu/web/handlers/handler.go:369.20,372.3 2 0
arandu/web/handlers/handler.go:374.2,375.16 2 0
arandu/web/handlers/handler.go:375.16,378.3 2 0
arandu/web/handlers/handler.go:380.2,389.41 3 0
arandu/web/handlers/handler.go:392.67,393.32 1 0
arandu/web/handlers/handler.go:393.32,396.3 2 0
arandu/web/handlers/handler.go:398.2,399.14 2 0
arandu/web/handlers/handler.go:399.14,402.3 2 0
arandu/web/handlers/handler.go:404.2,405.16 2 0
arandu/web/handlers/handler.go:405.16,408.3 2 0
arandu/web/handlers/handler.go:409.2,409.20 1 0
arandu/web/handlers/handler.go:409.20,412.3 2 0
arandu/web/handlers/handler.go:414.2,423.41 3 0
arandu/web/handlers/handler.go:426.70,427.32 1 0
arandu/web/handlers/handler.go:427.32,430.3 2 0
arandu/web/handlers/handler.go:432.2,434.67 3 0
arandu/web/handlers/handler.go:434.67,437.3 2 0
arandu/web/handlers/handler.go:439.2,440.21 2 0
arandu/web/handlers/handler.go:440.21,443.3 2 0
arandu/web/handlers/handler.go:445.2,446.16 2 0
arandu/web/handlers/handler.go:446.16,449.3 2 0
arandu/web/handlers/handler.go:450.2,450.20 1 0
arandu/web/handlers/handler.go:450.20,453.3 2 0
arandu/web/handlers/handler.go:455.2,459.39 2 0
arandu/web/handlers/handler.go:462.73,463.33 1 0
arandu/web/handlers/handler.go:463.33,466.3 2 0
arandu/web/handlers/handler.go:468.2,468.38 1 0
arandu/web/handlers/handler.go:468.38,471.3 2 0
arandu/web/handlers/handler.go:473.2,474.21 2 0
arandu/web/handlers/handler.go:474.21,477.3 2 0
arandu/web/handlers/handler.go:479.2,480.19 2 0
arandu/web/handlers/handler.go:480.19,483.3 2 0
arandu/web/handlers/handler.go:485.2,486.16 2 0
arandu/web/handlers/handler.go:486.16,489.3 2 0
arandu/web/handlers/handler.go:491.2,494.16 3 0
arandu/web/handlers/handler.go:494.16,497.3 2 0
arandu/web/handlers/handler.go:499.2,499.73 1 0
arandu/web/handlers/handler.go:502.71,503.32 1 0
arandu/web/handlers/handler.go:503.32,506.3 2 0
arandu/web/handlers/handler.go:508.2,509.14 2 0
arandu/web/handlers/handler.go:509.14,512.3 2 0
arandu/web/handlers/handler.go:514.2,515.16 2 0
arandu/web/handlers/handler.go:515.16,519.3 3 0
arandu/web/handlers/handler.go:520.2,520.20 1 0
arandu/web/handlers/handler.go:520.20,523.3 2 0
arandu/web/handlers/handler.go:525.2,526.16 2 0
arandu/web/handlers/handler.go:526.16,530.3 3 0
arandu/web/handlers/handler.go:532.2,537.40 2 0
arandu/web/handlers/handler.go:540.73,541.33 1 0
arandu/web/handlers/handler.go:541.33,544.3 2 0
arandu/web/handlers/handler.go:546.2,546.38 1 0
arandu/web/handlers/handler.go:546.38,549.3 2 0
arandu/web/handlers/handler.go:551.2,552.21 2 0
arandu/web/handlers/handler.go:552.21,555.3 2 0
arandu/web/handlers/handler.go:557.2,558.19 2 0
arandu/web/handlers/handler.go:558.19,561.3 2 0
arandu/web/handlers/handler.go:563.2,564.16 2 0
arandu/web/handlers/handler.go:564.16,567.3 2 0
arandu/web/handlers/handler.go:569.2,578.16 4 0
arandu/web/handlers/handler.go:578.16,581.3 2 0
arandu/web/handlers/handler.go:583.2,584.16 2 0
arandu/web/handlers/handler.go:584.16,587.3 2 0
arandu/web/handlers/handler.go:589.2,589.73 1 0
arandu/internal/infrastructure/repository/sqlite/db.go:17.40,18.64 1 1
arandu/internal/infrastructure/repository/sqlite/db.go:18.64,20.3 1 0
arandu/internal/infrastructure/repository/sqlite/db.go:22.2,23.16 2 1
arandu/internal/infrastructure/repository/sqlite/db.go:23.16,25.3 1 0
arandu/internal/infrastructure/repository/sqlite/db.go:27.2,27.34 1 1
arandu/internal/infrastructure/repository/sqlite/db.go:27.34,29.3 1 0
arandu/internal/infrastructure/repository/sqlite/db.go:31.2,31.21 1 1
arandu/internal/infrastructure/repository/sqlite/db.go:34.29,36.2 1 1
arandu/internal/infrastructure/repository/sqlite/db.go:39.51,41.16 2 0
arandu/internal/infrastructure/repository/sqlite/db.go:41.16,43.3 1 0
arandu/internal/infrastructure/repository/sqlite/db.go:45.2,45.26 1 0
arandu/internal/infrastructure/repository/sqlite/db.go:49.80,51.16 2 0
arandu/internal/infrastructure/repository/sqlite/db.go:51.16,53.3 1 0
arandu/internal/infrastructure/repository/sqlite/db.go:55.2,55.25 1 0
arandu/internal/infrastructure/repository/sqlite/insight_repository.go:15.54,17.2 1 0
arandu/internal/infrastructure/repository/sqlite/insight_repository.go:19.60,20.16 1 0
arandu/internal/infrastructure/repository/sqlite/insight_repository.go:20.16,22.3 1 0
arandu/internal/infrastructure/repository/sqlite/insight_repository.go:23.2,27.12 4 0
arandu/internal/infrastructure/repository/sqlite/insight_repository.go:30.75,36.26 5 0
arandu/internal/infrastructure/repository/sqlite/insight_repository.go:36.26,38.3 1 0
arandu/internal/infrastructure/repository/sqlite/insight_repository.go:39.2,39.16 1 0
arandu/internal/infrastructure/repository/sqlite/insight_repository.go:39.16,41.3 1 0
arandu/internal/infrastructure/repository/sqlite/insight_repository.go:42.2,42.16 1 0
arandu/internal/infrastructure/repository/sqlite/insight_repository.go:45.67,48.16 3 0
arandu/internal/infrastructure/repository/sqlite/insight_repository.go:48.16,50.3 1 0
arandu/internal/infrastructure/repository/sqlite/insight_repository.go:51.2,54.18 3 0
arandu/internal/infrastructure/repository/sqlite/insight_repository.go:54.18,56.79 2 0
arandu/internal/infrastructure/repository/sqlite/insight_repository.go:56.79,58.4 1 0
arandu/internal/infrastructure/repository/sqlite/insight_repository.go:59.3,59.34 1 0
arandu/internal/infrastructure/repository/sqlite/insight_repository.go:61.2,61.22 1 0
arandu/internal/infrastructure/repository/sqlite/insight_repository.go:64.53,68.2 3 0
arandu/internal/infrastructure/repository/sqlite/insight_repository.go:70.48,81.2 3 0
arandu/internal/infrastructure/repository/sqlite/intervention_repository.go:15.64,17.2 1 0
arandu/internal/infrastructure/repository/sqlite/intervention_repository.go:19.75,20.16 1 0
arandu/internal/infrastructure/repository/sqlite/intervention_repository.go:20.16,22.3 1 0
arandu/internal/infrastructure/repository/sqlite/intervention_repository.go:23.2,28.12 5 0
arandu/internal/infrastructure/repository/sqlite/intervention_repository.go:31.90,37.26 5 0
arandu/internal/infrastructure/repository/sqlite/intervention_repository.go:37.26,39.3 1 0
arandu/internal/infrastructure/repository/sqlite/intervention_repository.go:40.2,40.16 1 0
arandu/internal/infrastructure/repository/sqlite/intervention_repository.go:40.16,42.3 1 0
arandu/internal/infrastructure/repository/sqlite/intervention_repository.go:43.2,43.16 1 0
arandu/internal/infrastructure/repository/sqlite/intervention_repository.go:46.106,49.16 3 0
arandu/internal/infrastructure/repository/sqlite/intervention_repository.go:49.16,51.3 1 0
arandu/internal/infrastructure/repository/sqlite/intervention_repository.go:52.2,55.18 3 0
arandu/internal/infrastructure/repository/sqlite/intervention_repository.go:55.18,57.96 2 0
arandu/internal/infrastructure/repository/sqlite/intervention_repository.go:57.96,59.4 1 0
arandu/internal/infrastructure/repository/sqlite/intervention_repository.go:60.3,60.44 1 0
arandu/internal/infrastructure/repository/sqlite/intervention_repository.go:62.2,62.27 1 0
arandu/internal/infrastructure/repository/sqlite/intervention_repository.go:65.82,68.16 3 0
arandu/internal/infrastructure/repository/sqlite/intervention_repository.go:68.16,70.3 1 0
arandu/internal/infrastructure/repository/sqlite/intervention_repository.go:71.2,74.18 3 0
arandu/internal/infrastructure/repository/sqlite/intervention_repository.go:74.18,76.96 2 0
arandu/internal/infrastructure/repository/sqlite/intervention_repository.go:76.96,78.4 1 0
arandu/internal/infrastructure/repository/sqlite/intervention_repository.go:79.3,79.44 1 0
arandu/internal/infrastructure/repository/sqlite/intervention_repository.go:81.2,81.27 1 0
arandu/internal/infrastructure/repository/sqlite/intervention_repository.go:84.77,89.2 4 0
arandu/internal/infrastructure/repository/sqlite/intervention_repository.go:91.58,95.2 3 0
arandu/internal/infrastructure/repository/sqlite/intervention_repository.go:97.53,110.2 3 0
arandu/internal/infrastructure/repository/sqlite/observation_repository.go:15.62,17.2 1 0
arandu/internal/infrastructure/repository/sqlite/observation_repository.go:19.72,20.16 1 0
arandu/internal/infrastructure/repository/sqlite/observation_repository.go:20.16,22.3 1 0
arandu/internal/infrastructure/repository/sqlite/observation_repository.go:23.2,27.12 4 0
arandu/internal/infrastructure/repository/sqlite/observation_repository.go:30.87,36.26 5 0
arandu/internal/infrastructure/repository/sqlite/observation_repository.go:36.26,38.3 1 0
arandu/internal/infrastructure/repository/sqlite/observation_repository.go:39.2,39.16 1 0
arandu/internal/infrastructure/repository/sqlite/observation_repository.go:39.16,41.3 1 0
arandu/internal/infrastructure/repository/sqlite/observation_repository.go:42.2,42.16 1 0
arandu/internal/infrastructure/repository/sqlite/observation_repository.go:45.103,48.16 3 0
arandu/internal/infrastructure/repository/sqlite/observation_repository.go:48.16,50.3 1 0
arandu/internal/infrastructure/repository/sqlite/observation_repository.go:51.2,54.18 3 0
arandu/internal/infrastructure/repository/sqlite/observation_repository.go:54.18,56.82 2 0
arandu/internal/infrastructure/repository/sqlite/observation_repository.go:56.82,58.4 1 0
arandu/internal/infrastructure/repository/sqlite/observation_repository.go:59.3,59.42 1 0
arandu/internal/infrastructure/repository/sqlite/observation_repository.go:61.2,61.26 1 0
arandu/internal/infrastructure/repository/sqlite/observation_repository.go:64.79,67.16 3 0
arandu/internal/infrastructure/repository/sqlite/observation_repository.go:67.16,69.3 1 0
arandu/internal/infrastructure/repository/sqlite/observation_repository.go:70.2,73.18 3 0
arandu/internal/infrastructure/repository/sqlite/observation_repository.go:73.18,75.82 2 0
arandu/internal/infrastructure/repository/sqlite/observation_repository.go:75.82,77.4 1 0
arandu/internal/infrastructure/repository/sqlite/observation_repository.go:78.3,78.42 1 0
arandu/internal/infrastructure/repository/sqlite/observation_repository.go:80.2,80.26 1 0
arandu/internal/infrastructure/repository/sqlite/observation_repository.go:83.74,87.2 3 0
arandu/internal/infrastructure/repository/sqlite/observation_repository.go:89.57,93.2 3 0
arandu/internal/infrastructure/repository/sqlite/observation_repository.go:95.52,107.2 3 0
arandu/internal/infrastructure/repository/sqlite/patient_repository.go:26.42,47.2 1 1
arandu/internal/infrastructure/repository/sqlite/patient_repository.go:56.54,61.2 1 1
arandu/internal/infrastructure/repository/sqlite/patient_repository.go:64.55,65.14 1 1
arandu/internal/infrastructure/repository/sqlite/patient_repository.go:65.14,67.3 1 0
arandu/internal/infrastructure/repository/sqlite/patient_repository.go:69.2,69.16 1 1
arandu/internal/infrastructure/repository/sqlite/patient_repository.go:69.16,71.3 1 1
arandu/internal/infrastructure/repository/sqlite/patient_repository.go:73.2,73.20 1 1
arandu/internal/infrastructure/repository/sqlite/patient_repository.go:73.20,75.3 1 0
arandu/internal/infrastructure/repository/sqlite/patient_repository.go:77.2,77.18 1 1
arandu/internal/infrastructure/repository/sqlite/patient_repository.go:77.18,79.3 1 0
arandu/internal/infrastructure/repository/sqlite/patient_repository.go:81.2,81.23 1 1
arandu/internal/infrastructure/repository/sqlite/patient_repository.go:81.23,83.3 1 0
arandu/internal/infrastructure/repository/sqlite/patient_repository.go:85.2,85.25 1 1
arandu/internal/infrastructure/repository/sqlite/patient_repository.go:85.25,87.3 1 0
arandu/internal/infrastructure/repository/sqlite/patient_repository.go:89.2,89.26 1 1
arandu/internal/infrastructure/repository/sqlite/patient_repository.go:89.26,91.3 1 0
arandu/internal/infrastructure/repository/sqlite/patient_repository.go:93.2,93.26 1 1
arandu/internal/infrastructure/repository/sqlite/patient_repository.go:93.26,95.3 1 0
arandu/internal/infrastructure/repository/sqlite/patient_repository.go:97.2,97.12 1 1
arandu/internal/infrastructure/repository/sqlite/patient_repository.go:101.57,102.50 1 1
arandu/internal/infrastructure/repository/sqlite/patient_repository.go:102.50,104.3 1 0
arandu/internal/infrastructure/repository/sqlite/patient_repository.go:107.2,107.12 1 1
arandu/internal/infrastructure/repository/sqlite/patient_repository.go:111.34,112.14 1 1
arandu/internal/infrastructure/repository/sqlite/patient_repository.go:112.14,114.3 1 1
arandu/internal/infrastructure/repository/sqlite/patient_repository.go:116.2,116.18 1 1
arandu/internal/infrastructure/repository/sqlite/patient_repository.go:116.18,118.3 1 0
arandu/internal/infrastructure/repository/sqlite/patient_repository.go:120.2,120.12 1 1
arandu/internal/infrastructure/repository/sqlite/patient_repository.go:124.43,125.16 1 1
arandu/internal/infrastructure/repository/sqlite/patient_repository.go:125.16,127.3 1 1
arandu/internal/infrastructure/repository/sqlite/patient_repository.go:129.2,129.21 1 1
arandu/internal/infrastructure/repository/sqlite/patient_repository.go:129.21,131.3 1 1
arandu/internal/infrastructure/repository/sqlite/patient_repository.go:133.2,133.12 1 1
arandu/internal/infrastructure/repository/sqlite/patient_repository.go:138.60,140.50 1 1
arandu/internal/infrastructure/repository/sqlite/patient_repository.go:140.50,142.3 1 1
arandu/internal/infrastructure/repository/sqlite/patient_repository.go:144.2,145.12 2 1
arandu/internal/infrastructure/repository/sqlite/patient_repository.go:151.75,153.39 1 1
arandu/internal/infrastructure/repository/sqlite/patient_repository.go:153.39,155.3 1 1
arandu/internal/infrastructure/repository/sqlite/patient_repository.go:157.2,161.26 4 1
arandu/internal/infrastructure/repository/sqlite/patient_repository.go:161.26,163.3 1 1
arandu/internal/infrastructure/repository/sqlite/patient_repository.go:164.2,164.16 1 1
arandu/internal/infrastructure/repository/sqlite/patient_repository.go:164.16,166.3 1 0
arandu/internal/infrastructure/repository/sqlite/patient_repository.go:167.2,167.16 1 1
arandu/internal/infrastructure/repository/sqlite/patient_repository.go:173.67,175.16 2 1
arandu/internal/infrastructure/repository/sqlite/patient_repository.go:175.16,177.3 1 0
arandu/internal/infrastructure/repository/sqlite/patient_repository.go:178.2,181.18 3 1
arandu/internal/infrastructure/repository/sqlite/patient_repository.go:181.18,183.89 2 1
arandu/internal/infrastructure/repository/sqlite/patient_repository.go:183.89,185.4 1 0
arandu/internal/infrastructure/repository/sqlite/patient_repository.go:186.3,186.34 1 1
arandu/internal/infrastructure/repository/sqlite/patient_repository.go:188.2,188.22 1 1
arandu/internal/infrastructure/repository/sqlite/patient_repository.go:194.62,196.52 1 1
arandu/internal/infrastructure/repository/sqlite/patient_repository.go:196.52,198.3 1 0
arandu/internal/infrastructure/repository/sqlite/patient_repository.go:200.2,201.12 2 1
arandu/internal/infrastructure/repository/sqlite/patient_repository.go:207.53,209.39 1 1
arandu/internal/infrastructure/repository/sqlite/patient_repository.go:209.39,211.3 1 1
arandu/internal/infrastructure/repository/sqlite/patient_repository.go:213.2,214.12 2 1
arandu/internal/infrastructure/repository/sqlite/patient_repository.go:220.81,222.48 1 1
arandu/internal/infrastructure/repository/sqlite/patient_repository.go:222.48,224.3 1 1
arandu/internal/infrastructure/repository/sqlite/patient_repository.go:227.2,230.16 3 1
arandu/internal/infrastructure/repository/sqlite/patient_repository.go:230.16,232.3 1 0
arandu/internal/infrastructure/repository/sqlite/patient_repository.go:233.2,236.18 3 1
arandu/internal/infrastructure/repository/sqlite/patient_repository.go:236.18,238.89 2 1
arandu/internal/infrastructure/repository/sqlite/patient_repository.go:238.89,240.4 1 0
arandu/internal/infrastructure/repository/sqlite/patient_repository.go:241.3,241.34 1 1
arandu/internal/infrastructure/repository/sqlite/patient_repository.go:243.2,243.22 1 1
arandu/internal/infrastructure/repository/sqlite/patient_repository.go:248.53,251.16 3 1
arandu/internal/infrastructure/repository/sqlite/patient_repository.go:251.16,253.3 1 0
arandu/internal/infrastructure/repository/sqlite/patient_repository.go:254.2,254.19 1 1
arandu/internal/infrastructure/repository/sqlite/patient_repository.go:261.90,263.30 1 1
arandu/internal/infrastructure/repository/sqlite/patient_repository.go:263.30,265.3 1 1
arandu/internal/infrastructure/repository/sqlite/patient_repository.go:267.2,267.16 1 1
arandu/internal/infrastructure/repository/sqlite/patient_repository.go:267.16,269.3 1 1
arandu/internal/infrastructure/repository/sqlite/patient_repository.go:271.2,272.16 2 1
arandu/internal/infrastructure/repository/sqlite/patient_repository.go:272.16,274.3 1 0
arandu/internal/infrastructure/repository/sqlite/patient_repository.go:275.2,278.18 3 1
arandu/internal/infrastructure/repository/sqlite/patient_repository.go:278.18,280.89 2 1
arandu/internal/infrastructure/repository/sqlite/patient_repository.go:280.89,282.4 1 0
arandu/internal/infrastructure/repository/sqlite/patient_repository.go:283.3,283.34 1 1
arandu/internal/infrastructure/repository/sqlite/patient_repository.go:285.2,285.22 1 1
arandu/internal/infrastructure/repository/sqlite/patient_repository.go:290.48,294.2 1 0
arandu/internal/infrastructure/repository/sqlite/schema.go:3.34,12.29 2 0
arandu/internal/infrastructure/repository/sqlite/schema.go:12.29,13.43 1 0
arandu/internal/infrastructure/repository/sqlite/schema.go:13.43,15.4 1 0
arandu/internal/infrastructure/repository/sqlite/schema.go:17.2,17.12 1 0
arandu/internal/infrastructure/repository/sqlite/session_repository.go:14.54,16.2 1 1
arandu/internal/infrastructure/repository/sqlite/session_repository.go:18.83,22.2 3 1
arandu/internal/infrastructure/repository/sqlite/session_repository.go:24.95,30.26 5 1
arandu/internal/infrastructure/repository/sqlite/session_repository.go:30.26,32.3 1 1
arandu/internal/infrastructure/repository/sqlite/session_repository.go:33.2,33.16 1 1
arandu/internal/infrastructure/repository/sqlite/session_repository.go:33.16,35.3 1 0
arandu/internal/infrastructure/repository/sqlite/session_repository.go:36.2,36.16 1 1
arandu/internal/infrastructure/repository/sqlite/session_repository.go:39.110,42.16 3 1
arandu/internal/infrastructure/repository/sqlite/session_repository.go:42.16,44.3 1 0
arandu/internal/infrastructure/repository/sqlite/session_repository.go:45.2,48.18 3 1
arandu/internal/infrastructure/repository/sqlite/session_repository.go:48.18,50.105 2 1
arandu/internal/infrastructure/repository/sqlite/session_repository.go:50.105,52.4 1 0
arandu/internal/infrastructure/repository/sqlite/session_repository.go:53.3,53.34 1 1
arandu/internal/infrastructure/repository/sqlite/session_repository.go:55.2,55.22 1 1
arandu/internal/infrastructure/repository/sqlite/session_repository.go:58.83,62.2 3 1
arandu/internal/infrastructure/repository/sqlite/session_repository.go:64.48,78.2 3 0
